D:\PROJECTS\PROJECTS QT\MOTOROLA NEW\BINDUPROJECTTEACHER\WIN32\DEBUG\TEACHER.OBJ
D:\PROJECTS\PROJECTS QT\MOTOROLA NEW\BINDUPROJECTTEACHER\WIN32\DEBUG\OPENHOMEWORK.OBJ
D:\PROJECTS\PROJECTS QT\MOTOROLA NEW\BINDUPROJECTTEACHER\WIN32\DEBUG\NEWNOTE.OBJ
D:\PROJECTS\PROJECTS QT\MOTOROLA NEW\BINDUPROJECTTEACHER\WIN32\DEBUG\NEWHOMEWORK.OBJ
D:\PROJECTS\PROJECTS QT\MOTOROLA NEW\BINDUPROJECTTEACHER\WIN32\DEBUG\MANAGECLASSES.OBJ
D:\PROJECTS\PROJECTS QT\MOTOROLA NEW\BINDUPROJECTTEACHER\WIN32\DEBUG\MAIN.OBJ
D:\PROJECTS\PROJECTS QT\MOTOROLA NEW\BINDUPROJECTTEACHER\WIN32\DEBUG\HOMEWORKTOOL.OBJ
D:\PROJECTS\PROJECTS QT\MOTOROLA NEW\BINDUPROJECTTEACHER\WIN32\DEBUG\MOC_TEACHER.OBJ
D:\PROJECTS\PROJECTS QT\MOTOROLA NEW\BINDUPROJECTTEACHER\WIN32\DEBUG\MOC_OPENHOMEWORK.OBJ
D:\PROJECTS\PROJECTS QT\MOTOROLA NEW\BINDUPROJECTTEACHER\WIN32\DEBUG\MOC_NEWNOTE.OBJ
D:\PROJECTS\PROJECTS QT\MOTOROLA NEW\BINDUPROJECTTEACHER\WIN32\DEBUG\MOC_NEWHOMEWORK.OBJ
D:\PROJECTS\PROJECTS QT\MOTOROLA NEW\BINDUPROJECTTEACHER\WIN32\DEBUG\MOC_MANAGECLASSES.OBJ
D:\PROJECTS\PROJECTS QT\MOTOROLA NEW\BINDUPROJECTTEACHER\WIN32\DEBUG\MOC_HOMEWORKTOOL.OBJ
D:\PROJECTS\PROJECTS QT\MOTOROLA NEW\BINDUPROJECTTEACHER\WIN32\DEBUG\VC110.PDB
D:\PROJECTS\PROJECTS QT\MOTOROLA NEW\BINDUPROJECTTEACHER\DEBUG\MOC_HOMEWORKTOOL.CPP
D:\PROJECTS\PROJECTS QT\MOTOROLA NEW\BINDUPROJECTTEACHER\DEBUG\MOC_MANAGECLASSES.CPP
D:\PROJECTS\PROJECTS QT\MOTOROLA NEW\BINDUPROJECTTEACHER\DEBUG\MOC_NEWHOMEWORK.CPP
D:\PROJECTS\PROJECTS QT\MOTOROLA NEW\BINDUPROJECTTEACHER\DEBUG\MOC_NEWNOTE.CPP
D:\PROJECTS\PROJECTS QT\MOTOROLA NEW\BINDUPROJECTTEACHER\DEBUG\MOC_OPENHOMEWORK.CPP
D:\PROJECTS\PROJECTS QT\MOTOROLA NEW\BINDUPROJECTTEACHER\DEBUG\MOC_TEACHER.CPP
D:\PROJECTS\PROJECTS QT\MOTOROLA NEW\BINDUPROJECTTEACHER\GENERATEDFILES\UI_HOMEWORKTOOL.H
D:\PROJECTS\PROJECTS QT\MOTOROLA NEW\BINDUPROJECTTEACHER\GENERATEDFILES\UI_MANAGECLASSES.H
D:\PROJECTS\PROJECTS QT\MOTOROLA NEW\BINDUPROJECTTEACHER\GENERATEDFILES\UI_NEWHOMEWORK.H
D:\PROJECTS\PROJECTS QT\MOTOROLA NEW\BINDUPROJECTTEACHER\GENERATEDFILES\UI_NEWNOTE.H
D:\PROJECTS\PROJECTS QT\MOTOROLA NEW\BINDUPROJECTTEACHER\GENERATEDFILES\UI_OPENHOMEWORK.H
D:\PROJECTS\PROJECTS QT\MOTOROLA NEW\BINDUPROJECTTEACHER\GENERATEDFILES\UI_TEACHER.H
D:\PROJECTS\PROJECTS QT\MOTOROLA NEW\BINDUPROJECTTEACHER\DEBUG\BINDUPROJECTTEACHER.ILK
D:\PROJECTS\PROJECTS QT\MOTOROLA NEW\BINDUPROJECTTEACHER\DEBUG\BINDUPROJECTTEACHER.EXE
D:\PROJECTS\PROJECTS QT\MOTOROLA NEW\BINDUPROJECTTEACHER\DEBUG\BINDUPROJECTTEACHER.PDB
D:\Projects\projects qt\Motorola New\BinduProjectTeacher\Win32\Debug\homeworktool.obj
D:\Projects\projects qt\Motorola New\BinduProjectTeacher\Win32\Debug\main.obj
D:\Projects\projects qt\Motorola New\BinduProjectTeacher\Win32\Debug\manageclasses.obj
D:\Projects\projects qt\Motorola New\BinduProjectTeacher\Win32\Debug\moc_homeworktool.obj
D:\Projects\projects qt\Motorola New\BinduProjectTeacher\Win32\Debug\moc_manageclasses.obj
D:\Projects\projects qt\Motorola New\BinduProjectTeacher\Win32\Debug\moc_newhomework.obj
D:\Projects\projects qt\Motorola New\BinduProjectTeacher\Win32\Debug\moc_newnote.obj
D:\Projects\projects qt\Motorola New\BinduProjectTeacher\Win32\Debug\moc_openhomework.obj
D:\Projects\projects qt\Motorola New\BinduProjectTeacher\Win32\Debug\moc_teacher.obj
D:\Projects\projects qt\Motorola New\BinduProjectTeacher\Win32\Debug\newhomework.obj
D:\Projects\projects qt\Motorola New\BinduProjectTeacher\Win32\Debug\newnote.obj
D:\Projects\projects qt\Motorola New\BinduProjectTeacher\Win32\Debug\openhomework.obj
D:\Projects\projects qt\Motorola New\BinduProjectTeacher\Win32\Debug\teacher.obj
D:\Projects\projects qt\Motorola New\BinduProjectTeacher\Win32\Debug\cl.command.1.tlog
D:\Projects\projects qt\Motorola New\BinduProjectTeacher\Win32\Debug\CL.read.1.tlog
D:\Projects\projects qt\Motorola New\BinduProjectTeacher\Win32\Debug\CL.write.1.tlog
D:\Projects\projects qt\Motorola New\BinduProjectTeacher\Win32\Debug\custombuild.command.1.tlog
D:\Projects\projects qt\Motorola New\BinduProjectTeacher\Win32\Debug\custombuild.read.1.tlog
D:\Projects\projects qt\Motorola New\BinduProjectTeacher\Win32\Debug\custombuild.write.1.tlog
D:\Projects\projects qt\Motorola New\BinduProjectTeacher\Win32\Debug\link-cvtres.read.1.tlog
D:\Projects\projects qt\Motorola New\BinduProjectTeacher\Win32\Debug\link-cvtres.write.1.tlog
D:\Projects\projects qt\Motorola New\BinduProjectTeacher\Win32\Debug\link-rc.read.1.tlog
D:\Projects\projects qt\Motorola New\BinduProjectTeacher\Win32\Debug\link-rc.write.1.tlog
D:\Projects\projects qt\Motorola New\BinduProjectTeacher\Win32\Debug\link.command.1.tlog
D:\Projects\projects qt\Motorola New\BinduProjectTeacher\Win32\Debug\link.read.1.tlog
D:\Projects\projects qt\Motorola New\BinduProjectTeacher\Win32\Debug\link.write.1.tlog
D:\Projects\projects qt\Motorola New\BinduProjectTeacher\Win32\Debug\vc110.pdb
D:\Projects\projects qt\Motorola New\BinduProjectTeacher\debug\BinduProjectTeacher.exe
